  MyMFC.cpp
  MyMFCDlg.cpp
C:\Users\Think\source\repos\MyMFC\MyMFC\MyMFCDlg.h(9,7): error C2011: 'CMyMFCDlg': 'class' 형식 재정의
C:\Users\Think\source\repos\MyMFC\MyMFC\MyMFC.cpp(13,12): error C2027: 정의되지 않은 형식 'CMyMFCDlg'을(를) 사용했습니다.
C:\Users\Think\source\repos\MyMFC\MyMFC\MyMFC.cpp(13,12): error C4430: 형식 지정자가 없습니다. int로 가정합니다. 참고: C++에서는 기본 int를 지원하지 않습니다.
C:\Users\Think\source\repos\MyMFC\MyMFC\MyMFC.cpp(15,1): error C2550: '{ctor}': 생성자 이니셜라이저 목록은 생성자 정의에만 사용할 수 있습니다.
C:\Users\Think\source\repos\MyMFC\MyMFC\MyMFC.cpp(16,5): error C2065: 'm_hIcon': 선언되지 않은 식별자입니다.
C:\Users\Think\source\repos\MyMFC\MyMFC\MyMFC.cpp(17,1): warning C4508: '{ctor}': 함수는 값을 반환해야 하므로 'void' 반환 형식으로 간주됩니다.
C:\Users\Think\source\repos\MyMFC\MyMFC\MyMFC.cpp(19,17): error C2027: 정의되지 않은 형식 'CMyMFCDlg'을(를) 사용했습니다.
C:\Users\Think\source\repos\MyMFC\MyMFC\MyMFC.cpp(21,16): error C2248: 'CWnd::DoDataExchange': protected 멤버('CWnd' 클래스에서 선언)에 액세스할 수 없습니다.
C:\Users\Think\source\repos\MyMFC\MyMFC\MyMFC.cpp(21,16): error C2352: 'CWnd::DoDataExchange': 비정적 멤버 함수를 호출하려면 개체가 필요합니다.
C:\Users\Think\source\repos\MyMFC\MyMFC\MyMFC.cpp(22,33): error C2065: 'm_listBox': 선언되지 않은 식별자입니다.
C:\Users\Think\source\repos\MyMFC\MyMFC\MyMFC.cpp(25,1): error C2027: 정의되지 않은 형식 'CMyMFCDlg'을(를) 사용했습니다.
C:\Users\Think\source\repos\MyMFC\MyMFC\MyMFC.cpp(25,1): error C2270: 'GetMessageMap': 비멤버 함수에 한정자를 사용할 수 없습니다.
C:\Users\Think\source\repos\MyMFC\MyMFC\MyMFC.cpp(25,1): error C3861: 'GetThisMessageMap': 식별자를 찾을 수 없습니다.
C:\Users\Think\source\repos\MyMFC\MyMFC\MyMFC.cpp(26,5): error C2065: 'IDC_LOAD_BUTTON': 선언되지 않은 식별자입니다.
C:\Users\Think\source\repos\MyMFC\MyMFC\MyMFC.cpp(26,5): error C2027: 정의되지 않은 형식 'CMyMFCDlg'을(를) 사용했습니다.
C:\Users\Think\source\repos\MyMFC\MyMFC\MyMFC.cpp(26,5): error C2065: 'OnBnClickedLoadButton': 선언되지 않은 식별자입니다.
C:\Users\Think\source\repos\MyMFC\MyMFC\MyMFC.cpp(25,1): error C2737: '_messageEntries': const 개체를 초기화해야 합니다
C:\Users\Think\source\repos\MyMFC\MyMFC\MyMFC.cpp(27,1): error C2248: 'CDialogEx::GetThisMessageMap': protected 멤버('CDialogEx' 클래스에서 선언)에 액세스할 수 없습니다.
C:\Users\Think\source\repos\MyMFC\MyMFC\MyMFC.cpp(27,1): error C2737: 'messageMap': const 개체를 초기화해야 합니다
C:\Users\Think\source\repos\MyMFC\MyMFC\MyMFC.cpp(29,17): error C2027: 정의되지 않은 형식 'CMyMFCDlg'을(를) 사용했습니다.
C:\Users\Think\source\repos\MyMFC\MyMFC\MyMFC.cpp(31,16): error C2352: 'CDialog::OnInitDialog': 비정적 멤버 함수를 호출하려면 개체가 필요합니다.
C:\Users\Think\source\repos\MyMFC\MyMFC\MyMFC.cpp(38,17): error C2027: 정의되지 않은 형식 'CMyMFCDlg'을(를) 사용했습니다.
C:\Users\Think\source\repos\MyMFC\MyMFC\MyMFC.cpp(50,9): error C2065: 'm_points': 선언되지 않은 식별자입니다.
C:\Users\Think\source\repos\MyMFC\MyMFC\MyMFC.cpp(56,17): error C2027: 정의되지 않은 형식 'CMyMFCDlg'을(를) 사용했습니다.
C:\Users\Think\source\repos\MyMFC\MyMFC\MyMFC.cpp(63,30): error C2065: 'm_points': 선언되지 않은 식별자입니다.
C:\Users\Think\source\repos\MyMFC\MyMFC\MyMFC.cpp(63,22): error C2530: 'point': 참조를 초기화해야 합니다.
C:\Users\Think\source\repos\MyMFC\MyMFC\MyMFC.cpp(63,22): error C3531: 'point': 형식에 'auto'이(가) 포함된 기호에는 이니셜라이저가 있어야 합니다.
C:\Users\Think\source\repos\MyMFC\MyMFC\MyMFC.cpp(63,28): error C2143: 구문 오류: ';'이(가) ':' 앞에 없습니다.
C:\Users\Think\source\repos\MyMFC\MyMFC\MyMFC.cpp(63,38): error C2143: 구문 오류: ';'이(가) ')' 앞에 없습니다.
C:\Users\Think\source\repos\MyMFC\MyMFC\MyMFC.cpp(71,5): error C2065: 'm_listBox': 선언되지 않은 식별자입니다.
C:\Users\Think\source\repos\MyMFC\MyMFC\MyMFCDlg.h(9,7): error C2011: 'CMyMFCDlg': 'class' 형식 재정의
C:\Users\Think\source\repos\MyMFC\MyMFC\MyMFCDlg.cpp(56,12): error C2027: 정의되지 않은 형식 'CMyMFCDlg'을(를) 사용했습니다.
C:\Users\Think\source\repos\MyMFC\MyMFC\MyMFCDlg.cpp(56,12): error C4430: 형식 지정자가 없습니다. int로 가정합니다. 참고: C++에서는 기본 int를 지원하지 않습니다.
C:\Users\Think\source\repos\MyMFC\MyMFC\MyMFCDlg.cpp(58,1): error C2550: '{ctor}': 생성자 이니셜라이저 목록은 생성자 정의에만 사용할 수 있습니다.
C:\Users\Think\source\repos\MyMFC\MyMFC\MyMFCDlg.cpp(59,2): error C2065: 'm_hIcon': 선언되지 않은 식별자입니다.
C:\Users\Think\source\repos\MyMFC\MyMFC\MyMFCDlg.cpp(60,1): warning C4508: '{ctor}': 함수는 값을 반환해야 하므로 'void' 반환 형식으로 간주됩니다.
C:\Users\Think\source\repos\MyMFC\MyMFC\MyMFCDlg.cpp(62,17): error C2027: 정의되지 않은 형식 'CMyMFCDlg'을(를) 사용했습니다.
C:\Users\Think\source\repos\MyMFC\MyMFC\MyMFCDlg.cpp(64,13): error C2248: 'CWnd::DoDataExchange': protected 멤버('CWnd' 클래스에서 선언)에 액세스할 수 없습니다.
C:\Users\Think\source\repos\MyMFC\MyMFC\MyMFCDlg.cpp(64,13): error C2352: 'CWnd::DoDataExchange': 비정적 멤버 함수를 호출하려면 개체가 필요합니다.
C:\Users\Think\source\repos\MyMFC\MyMFC\MyMFCDlg.cpp(65,30): error C2065: 'm_listBox': 선언되지 않은 식별자입니다.
C:\Users\Think\source\repos\MyMFC\MyMFC\MyMFCDlg.cpp(68,1): error C2027: 정의되지 않은 형식 'CMyMFCDlg'을(를) 사용했습니다.
C:\Users\Think\source\repos\MyMFC\MyMFC\MyMFCDlg.cpp(68,1): error C2270: 'GetMessageMap': 비멤버 함수에 한정자를 사용할 수 없습니다.
C:\Users\Think\source\repos\MyMFC\MyMFC\MyMFCDlg.cpp(68,1): error C3861: 'GetThisMessageMap': 식별자를 찾을 수 없습니다.
C:\Users\Think\source\repos\MyMFC\MyMFC\MyMFCDlg.cpp(69,2): error C2027: 정의되지 않은 형식 'CMyMFCDlg'을(를) 사용했습니다.
C:\Users\Think\source\repos\MyMFC\MyMFC\MyMFCDlg.cpp(69,2): error C2065: 'OnSysCommand': 선언되지 않은 식별자입니다.
C:\Users\Think\source\repos\MyMFC\MyMFC\MyMFCDlg.cpp(70,2): error C2027: 정의되지 않은 형식 'CMyMFCDlg'을(를) 사용했습니다.
C:\Users\Think\source\repos\MyMFC\MyMFC\MyMFCDlg.cpp(70,2): error C2065: 'OnPaint': 선언되지 않은 식별자입니다.
C:\Users\Think\source\repos\MyMFC\MyMFC\MyMFCDlg.cpp(71,2): error C2027: 정의되지 않은 형식 'CMyMFCDlg'을(를) 사용했습니다.
C:\Users\Think\source\repos\MyMFC\MyMFC\MyMFCDlg.cpp(71,2): error C2065: 'OnQueryDragIcon': 선언되지 않은 식별자입니다.
C:\Users\Think\source\repos\MyMFC\MyMFC\MyMFCDlg.cpp(72,2): error C2027: 정의되지 않은 형식 'CMyMFCDlg'을(를) 사용했습니다.
C:\Users\Think\source\repos\MyMFC\MyMFC\MyMFCDlg.cpp(72,2): error C2065: 'OnBnClickedButton1': 선언되지 않은 식별자입니다.
C:\Users\Think\source\repos\MyMFC\MyMFC\MyMFCDlg.cpp(68,1): error C2737: '_messageEntries': const 개체를 초기화해야 합니다
C:\Users\Think\source\repos\MyMFC\MyMFC\MyMFCDlg.cpp(73,1): error C2248: 'CDialogEx::GetThisMessageMap': protected 멤버('CDialogEx' 클래스에서 선언)에 액세스할 수 없습니다.
C:\Users\Think\source\repos\MyMFC\MyMFC\MyMFCDlg.cpp(73,1): error C2737: 'messageMap': const 개체를 초기화해야 합니다
C:\Users\Think\source\repos\MyMFC\MyMFC\MyMFCDlg.cpp(78,17): error C2027: 정의되지 않은 형식 'CMyMFCDlg'을(를) 사용했습니다.
C:\Users\Think\source\repos\MyMFC\MyMFC\MyMFCDlg.cpp(80,13): error C2352: 'CDialog::OnInitDialog': 비정적 멤버 함수를 호출하려면 개체가 필요합니다.
C:\Users\Think\source\repos\MyMFC\MyMFC\MyMFCDlg.cpp(88,20): error C2660: 'GetSystemMenu': 함수는 1개의 인수를 사용하지 않습니다.
C:\Users\Think\source\repos\MyMFC\MyMFC\MyMFCDlg.cpp(88,18): error C2440: '초기화 중': 'HMENU'에서 'CMenu *'(으)로 변환할 수 없습니다.
C:\Users\Think\source\repos\MyMFC\MyMFC\MyMFCDlg.cpp(104,10): error C2065: 'm_hIcon': 선언되지 않은 식별자입니다.
C:\Users\Think\source\repos\MyMFC\MyMFC\MyMFCDlg.cpp(104,2): error C3861: 'SetIcon': 식별자를 찾을 수 없습니다.
C:\Users\Think\source\repos\MyMFC\MyMFC\MyMFCDlg.cpp(105,10): error C2065: 'm_hIcon': 선언되지 않은 식별자입니다.
C:\Users\Think\source\repos\MyMFC\MyMFC\MyMFCDlg.cpp(105,2): error C3861: 'SetIcon': 식별자를 찾을 수 없습니다.
C:\Users\Think\source\repos\MyMFC\MyMFC\MyMFCDlg.cpp(112,17): error C2027: 정의되지 않은 형식 'CMyMFCDlg'을(를) 사용했습니다.
C:\Users\Think\source\repos\MyMFC\MyMFC\MyMFCDlg.cpp(121,14): error C2248: 'CWnd::OnSysCommand': protected 멤버('CWnd' 클래스에서 선언)에 액세스할 수 없습니다.
C:\Users\Think\source\repos\MyMFC\MyMFC\MyMFCDlg.cpp(121,14): error C2352: 'CWnd::OnSysCommand': 비정적 멤버 함수를 호출하려면 개체가 필요합니다.
C:\Users\Think\source\repos\MyMFC\MyMFC\MyMFCDlg.cpp(129,17): error C2027: 정의되지 않은 형식 'CMyMFCDlg'을(를) 사용했습니다.
C:\Users\Think\source\repos\MyMFC\MyMFC\MyMFCDlg.cpp(131,6): error C2660: 'IsIconic': 함수는 0개의 인수를 사용하지 않습니다.
C:\Users\Think\source\repos\MyMFC\MyMFC\MyMFCDlg.cpp(133,15): error C2355: 'this': 비정적 멤버 함수 또는 비정적 데이터 멤버 이니셜라이저 안에서만 참조할 수 있습니다.
C:\Users\Think\source\repos\MyMFC\MyMFC\MyMFCDlg.cpp(133,14): error C2512: 'CPaintDC::CPaintDC': 사용할 수 있는 적절한 기본 생성자가 없습니다.
C:\Users\Think\source\repos\MyMFC\MyMFC\MyMFCDlg.cpp(135,3): error C2660: 'SendMessageW': 함수는 3개의 인수를 사용하지 않습니다.
C:\Users\Think\source\repos\MyMFC\MyMFC\MyMFCDlg.cpp(141,3): error C2660: 'GetClientRect': 함수는 1개의 인수를 사용하지 않습니다.
C:\Users\Think\source\repos\MyMFC\MyMFC\MyMFCDlg.cpp(146,21): error C2065: 'm_hIcon': 선언되지 않은 식별자입니다.
C:\Users\Think\source\repos\MyMFC\MyMFC\MyMFCDlg.cpp(150,14): error C2248: 'CDialog::OnPaint': protected 멤버('CDialog' 클래스에서 선언)에 액세스할 수 없습니다.
C:\Users\Think\source\repos\MyMFC\MyMFC\MyMFCDlg.cpp(150,14): error C2352: 'CDialog::OnPaint': 비정적 멤버 함수를 호출하려면 개체가 필요합니다.
C:\Users\Think\source\repos\MyMFC\MyMFC\MyMFCDlg.cpp(156,20): error C2027: 정의되지 않은 형식 'CMyMFCDlg'을(를) 사용했습니다.
C:\Users\Think\source\repos\MyMFC\MyMFC\MyMFCDlg.cpp(158,30): error C2065: 'm_hIcon': 선언되지 않은 식별자입니다.
C:\Users\Think\source\repos\MyMFC\MyMFC\MyMFCDlg.cpp(163,17): error C2027: 정의되지 않은 형식 'CMyMFCDlg'을(를) 사용했습니다.
C:\Users\Think\source\repos\MyMFC\MyMFC\MyMFCDlg.cpp(200,3): error C2065: 'm_listBox': 선언되지 않은 식별자입니다.
C:\Users\Think\source\repos\MyMFC\MyMFC\MyMFCDlg.cpp(207,4): error C2065: 'm_listBox': 선언되지 않은 식별자입니다.
  코드를 생성하고 있습니다...
